(0000) 3000  0011000000000000 (   1)                 .ORIG x3000
(3000) E02D  1110000000101101 (   4)                 LEA   R0 MSG0
(3001) F022  1111000000100010 (   5)                 TRAP  x22
(3002) E047  1110000001000111 (   6)                 LEA   R0 MSG1
(3003) F022  1111000000100010 (   7)                 TRAP  x22
(3004) E482  1110010010000010 (  10)                 LEA   R2 NEG97
(3005) 6480  0110010010000000 (  11)                 LDR   R2 R2 #0
(3006) E866  1110100001100110 (  13)                 LEA   R4 ARRAY
(3007) 56E0  0101011011100000 (  14)                 AND   R3 R3 #0
(3008) F020  1111000000100000 (  17) INPUT           TRAP  x20
(3009) F021  1111000000100001 (  18)                 TRAP  x21
(300A) 1A36  0001101000110110 (  19)                 ADD   R5 R0 #-10
(300B) 0409  0000010000001001 (  20)                 BRZ   OUTPUT
(300C) 1002  0001000000000010 (  22)                 ADD   R0 R0 R2
(300D) 09FA  0000100111111010 (  23)                 BRN   INPUT
(300E) 0600  0000011000000000 (  24)                 BRZP  INPUT_LOOP
(300F) 1900  0001100100000000 (  27) INPUT_LOOP      ADD   R4 R4 R0
(3010) 6300  0110001100000000 (  28)                 LDR   R1 R4 #0
(3011) 1261  0001001001100001 (  29)                 ADD   R1 R1 #1
(3012) 7300  0111001100000000 (  30)                 STR   R1 R4 #0
(3013) E859  1110100001011001 (  31)                 LEA   R4 ARRAY
(3014) 0FF3  0000111111110011 (  32)                 BRNZP INPUT
(3015) E672  1110011001110010 (  37) OUTPUT          LEA   R3 POS26
(3016) 66C0  0110011011000000 (  38)                 LDR   R3 R3 #0
(3017) 5020  0101000000100000 (  39)                 AND   R0 R0 #0
(3018) EC72  1110110001110010 (  40)                 LEA   R6 POS97
(3019) 6D80  0110110110000000 (  41)                 LDR   R6 R6 #0
(301A) 11A0  0001000110100000 (  42)                 ADD   R0 R6 #0
(301B) E851  1110100001010001 (  44)                 LEA   R4 ARRAY
(301C) E46F  1110010001101111 (  45)                 LEA   R2 POS48
(301D) 6480  0110010010000000 (  46)                 LDR   R2 R2 #0
(301E) F021  1111000000100001 (  49) OUTPUT_LOOP     TRAP  x21
(301F) 2269  0010001001101001 (  52)                 LD    R1 EQ
(3020) 1060  0001000001100000 (  53)                 ADD   R0 R1 #0
(3021) F021  1111000000100001 (  54)                 TRAP  x21
(3022) 6100  0110000100000000 (  56)                 LDR   R0 R4 #0
(3023) 1921  0001100100100001 (  57)                 ADD   R4 R4 #1
(3024) 1002  0001000000000010 (  58)                 ADD   R0 R0 R2
(3025) F021  1111000000100001 (  59)                 TRAP  x21
(3026) 2263  0010001001100011 (  62)                 LD    R1 TAB
(3027) 1060  0001000001100000 (  63)                 ADD   R0 R1 #0
(3028) F021  1111000000100001 (  64)                 TRAP  x21
(3029) 1DA1  0001110110100001 (  66)                 ADD   R6 R6 #1
(302A) 11A0  0001000110100000 (  67)                 ADD   R0 R6 #0
(302B) 16FF  0001011011111111 (  68)                 ADD   R3 R3 #-1
(302C) 03F1  0000001111110001 (  69)                 BRP   OUTPUT_LOOP
(302D) F025  1111000000100101 (  71)                 TRAP  x25
(302E) 0043  0000000001000011 (  73) MSG0            .FILL x0043
(302F) 0068  0000000001101000 (  73)                 .FILL x0068
(3030) 0061  0000000001100001 (  73)                 .FILL x0061
(3031) 0072  0000000001110010 (  73)                 .FILL x0072
(3032) 0061  0000000001100001 (  73)                 .FILL x0061
(3033) 0063  0000000001100011 (  73)                 .FILL x0063
(3034) 0074  0000000001110100 (  73)                 .FILL x0074
(3035) 0065  0000000001100101 (  73)                 .FILL x0065
(3036) 0072  0000000001110010 (  73)                 .FILL x0072
(3037) 0020  0000000000100000 (  73)                 .FILL x0020
(3038) 0043  0000000001000011 (  73)                 .FILL x0043
(3039) 006F  0000000001101111 (  73)                 .FILL x006F
(303A) 0075  0000000001110101 (  73)                 .FILL x0075
(303B) 006E  0000000001101110 (  73)                 .FILL x006E
(303C) 0074  0000000001110100 (  73)                 .FILL x0074
(303D) 0065  0000000001100101 (  73)                 .FILL x0065
(303E) 0072  0000000001110010 (  73)                 .FILL x0072
(303F) 0020  0000000000100000 (  73)                 .FILL x0020
(3040) 0050  0000000001010000 (  73)                 .FILL x0050
(3041) 0072  0000000001110010 (  73)                 .FILL x0072
(3042) 006F  0000000001101111 (  73)                 .FILL x006F
(3043) 0067  0000000001100111 (  73)                 .FILL x0067
(3044) 0072  0000000001110010 (  73)                 .FILL x0072
(3045) 0061  0000000001100001 (  73)                 .FILL x0061
(3046) 006D  0000000001101101 (  73)                 .FILL x006D
(3047) 0021  0000000000100001 (  73)                 .FILL x0021
(3048) 000A  0000000000001010 (  73)                 .FILL x000A
(3049) 0000  0000000000000000 (  73)                 .FILL x0000
(304A) 0050  0000000001010000 (  74) MSG1            .FILL x0050
(304B) 006C  0000000001101100 (  74)                 .FILL x006C
(304C) 0065  0000000001100101 (  74)                 .FILL x0065
(304D) 0061  0000000001100001 (  74)                 .FILL x0061
(304E) 0073  0000000001110011 (  74)                 .FILL x0073
(304F) 0065  0000000001100101 (  74)                 .FILL x0065
(3050) 0020  0000000000100000 (  74)                 .FILL x0020
(3051) 0065  0000000001100101 (  74)                 .FILL x0065
(3052) 006E  0000000001101110 (  74)                 .FILL x006E
(3053) 0074  0000000001110100 (  74)                 .FILL x0074
(3054) 0065  0000000001100101 (  74)                 .FILL x0065
(3055) 0072  0000000001110010 (  74)                 .FILL x0072
(3056) 0020  0000000000100000 (  74)                 .FILL x0020
(3057) 0061  0000000001100001 (  74)                 .FILL x0061
(3058) 0020  0000000000100000 (  74)                 .FILL x0020
(3059) 006C  0000000001101100 (  74)                 .FILL x006C
(305A) 006F  0000000001101111 (  74)                 .FILL x006F
(305B) 0077  0000000001110111 (  74)                 .FILL x0077
(305C) 0065  0000000001100101 (  74)                 .FILL x0065
(305D) 0072  0000000001110010 (  74)                 .FILL x0072
(305E) 002D  0000000000101101 (  74)                 .FILL x002D
(305F) 0063  0000000001100011 (  74)                 .FILL x0063
(3060) 0061  0000000001100001 (  74)                 .FILL x0061
(3061) 0073  0000000001110011 (  74)                 .FILL x0073
(3062) 0065  0000000001100101 (  74)                 .FILL x0065
(3063) 0020  0000000000100000 (  74)                 .FILL x0020
(3064) 0073  0000000001110011 (  74)                 .FILL x0073
(3065) 0074  0000000001110100 (  74)                 .FILL x0074
(3066) 0072  0000000001110010 (  74)                 .FILL x0072
(3067) 0069  0000000001101001 (  74)                 .FILL x0069
(3068) 006E  0000000001101110 (  74)                 .FILL x006E
(3069) 0067  0000000001100111 (  74)                 .FILL x0067
(306A) 003A  0000000000111010 (  74)                 .FILL x003A
(306B) 0020  0000000000100000 (  74)                 .FILL x0020
(306C) 0000  0000000000000000 (  74)                 .FILL x0000
(306D) 0000  0000000000000000 (  77) ARRAY           .FILL x0000
(306E) 0000  0000000000000000 (  77)                 .FILL x0000
(306F) 0000  0000000000000000 (  77)                 .FILL x0000
(3070) 0000  0000000000000000 (  77)                 .FILL x0000
(3071) 0000  0000000000000000 (  77)                 .FILL x0000
(3072) 0000  0000000000000000 (  77)                 .FILL x0000
(3073) 0000  0000000000000000 (  77)                 .FILL x0000
(3074) 0000  0000000000000000 (  77)                 .FILL x0000
(3075) 0000  0000000000000000 (  77)                 .FILL x0000
(3076) 0000  0000000000000000 (  77)                 .FILL x0000
(3077) 0000  0000000000000000 (  77)                 .FILL x0000
(3078) 0000  0000000000000000 (  77)                 .FILL x0000
(3079) 0000  0000000000000000 (  77)                 .FILL x0000
(307A) 0000  0000000000000000 (  77)                 .FILL x0000
(307B) 0000  0000000000000000 (  77)                 .FILL x0000
(307C) 0000  0000000000000000 (  77)                 .FILL x0000
(307D) 0000  0000000000000000 (  77)                 .FILL x0000
(307E) 0000  0000000000000000 (  77)                 .FILL x0000
(307F) 0000  0000000000000000 (  77)                 .FILL x0000
(3080) 0000  0000000000000000 (  77)                 .FILL x0000
(3081) 0000  0000000000000000 (  77)                 .FILL x0000
(3082) 0000  0000000000000000 (  77)                 .FILL x0000
(3083) 0000  0000000000000000 (  77)                 .FILL x0000
(3084) 0000  0000000000000000 (  77)                 .FILL x0000
(3085) 0000  0000000000000000 (  77)                 .FILL x0000
(3086) 0000  0000000000000000 (  77)                 .FILL x0000
(3087) FF9F  1111111110011111 (  77) NEG97           .FILL xFF9F
(3088) 001A  0000000000011010 (  78) POS26           .FILL x001A
(3089) 003D  0000000000111101 (  79) EQ              .FILL x003D
(308A) 0009  0000000000001001 (  80) TAB             .FILL x0009
(308B) 0061  0000000001100001 (  82) POS97           .FILL x0061
(308C) 0030  0000000000110000 (  83) POS48           .FILL x0030
