(0000) 3000  0011000000000000 (  48)                 .ORIG x3000
(3000) 0000  0000000000000000 (  55) STACK           .FILL x0000
(3001) 0000  0000000000000000 (  55)                 .FILL x0000
(3002) 0000  0000000000000000 (  55)                 .FILL x0000
(3003) 0000  0000000000000000 (  55)                 .FILL x0000
(3004) 0000  0000000000000000 (  55)                 .FILL x0000
(3005) 0000  0000000000000000 (  55)                 .FILL x0000
(3006) 0000  0000000000000000 (  55)                 .FILL x0000
(3007) 0000  0000000000000000 (  55)                 .FILL x0000
(3008) 0000  0000000000000000 (  55)                 .FILL x0000
(3009) 0000  0000000000000000 (  55)                 .FILL x0000
(300A) 0000  0000000000000000 (  55)                 .FILL x0000
(300B) 0000  0000000000000000 (  55)                 .FILL x0000
(300C) 0000  0000000000000000 (  55)                 .FILL x0000
(300D) 0000  0000000000000000 (  55)                 .FILL x0000
(300E) 0000  0000000000000000 (  55)                 .FILL x0000
(300F) 0000  0000000000000000 (  55)                 .FILL x0000
(3010) 0000  0000000000000000 (  55)                 .FILL x0000
(3011) 0000  0000000000000000 (  55)                 .FILL x0000
(3012) 0000  0000000000000000 (  55)                 .FILL x0000
(3013) 0000  0000000000000000 (  55)                 .FILL x0000
(3014) 0000  0000000000000000 (  55)                 .FILL x0000
(3015) 0000  0000000000000000 (  55)                 .FILL x0000
(3016) 0000  0000000000000000 (  55)                 .FILL x0000
(3017) 0000  0000000000000000 (  55)                 .FILL x0000
(3018) 0000  0000000000000000 (  55)                 .FILL x0000
(3019) 0000  0000000000000000 (  55)                 .FILL x0000
(301A) E05F  1110000001011111 (  55)                 LEA   R0 PRMT
(301B) F022  1111000000100010 (  56)                 TRAP  x22
(301C) E07F  1110000001111111 (  57)                 LEA   R0 PROMPT
(301D) F022  1111000000100010 (  58)                 TRAP  x22
(301E) E4C1  1110010011000001 (  60)                 LEA   R2 OFFSET_97
(301F) 6480  0110010010000000 (  61)                 LDR   R2 R2 #0
(3020) E8A5  1110100010100101 (  62)                 LEA   R4 ARRAY
(3021) 56E0  0101011011100000 (  63)                 AND   R3 R3 #0
(3022) 5FE0  0101111111100000 (  64)                 AND   R7 R7 #0
(3023) 5DA0  0101110110100000 (  65)                 AND   R6 R6 #0
(3024) F020  1111000000100000 (  68) GET_INPUT       TRAP  x20
(3025) F021  1111000000100001 (  69)                 TRAP  x21
(3026) 1A36  0001101000110110 (  70)                 ADD   R5 R0 #-10
(3027) 040B  0000010000001011 (  71)                 BRZ   RES_OUT
(3028) 483A  0100100000111010 (  74)                 JSR   CHECK_UPPER
(3029) 0E00  0000111000000000 (  75)                 BRNZP PROCESS_CHAR
(302A) 1002  0001000000000010 (  78) PROCESS_CHAR    ADD   R0 R0 R2
(302B) 09F8  0000100111111000 (  79)                 BRN   GET_INPUT
(302C) 0600  0000011000000000 (  80)                 BRZP  LOOP4IN
(302D) 1900  0001100100000000 (  83) LOOP4IN         ADD   R4 R4 R0
(302E) 6300  0110001100000000 (  84)                 LDR   R1 R4 #0
(302F) 1261  0001001001100001 (  85)                 ADD   R1 R1 #1
(3030) 7300  0111001100000000 (  86)                 STR   R1 R4 #0
(3031) E894  1110100010010100 (  87)                 LEA   R4 ARRAY
(3032) 0FF1  0000111111110001 (  88)                 BRNZP GET_INPUT
(3033) E6B0  1110011010110000 (  91) RES_OUT         LEA   R3 TOT_LTRS
(3034) 66C0  0110011011000000 (  92)                 LDR   R3 R3 #0
(3035) 5020  0101000000100000 (  93)                 AND   R0 R0 #0
(3036) ECAE  1110110010101110 (  94)                 LEA   R6 OFFSET_LOWER
(3037) 6D80  0110110110000000 (  95)                 LDR   R6 R6 #0
(3038) 11A0  0001000110100000 (  96)                 ADD   R0 R6 #0
(3039) E88C  1110100010001100 (  98)                 LEA   R4 ARRAY
(303A) E4AB  1110010010101011 (  99)                 LEA   R2 OFFSET_NUM
(303B) 6480  0110010010000000 ( 100)                 LDR   R2 R2 #0
(303C) F021  1111000000100001 ( 103) LOOP4OUT        TRAP  x21
(303D) 22A9  0010001010101001 ( 105)                 LD    R1 EQ
(303E) 1060  0001000001100000 ( 106)                 ADD   R0 R1 #0
(303F) F021  1111000000100001 ( 107)                 TRAP  x21
(3040) 6100  0110000100000000 ( 109)                 LDR   R0 R4 #0
(3041) 1921  0001100100100001 ( 110)                 ADD   R4 R4 #1
(3042) 1002  0001000000000010 ( 111)                 ADD   R0 R0 R2
(3043) F021  1111000000100001 ( 112)                 TRAP  x21
(3044) 22A3  0010001010100011 ( 114)                 LD    R1 TAB
(3045) 1060  0001000001100000 ( 115)                 ADD   R0 R1 #0
(3046) F021  1111000000100001 ( 116)                 TRAP  x21
(3047) 1DA1  0001110110100001 ( 118)                 ADD   R6 R6 #1
(3048) 11A0  0001000110100000 ( 119)                 ADD   R0 R6 #0
(3049) 16FF  0001011011111111 ( 120)                 ADD   R3 R3 #-1
(304A) 03F1  0000001111110001 ( 121)                 BRP   LOOP4OUT
(304B) E064  1110000001100100 ( 123)                 LEA   R0 LEN
(304C) F022  1111000000100010 ( 124)                 TRAP  x22
(304D) EDB2  1110110110110010 ( 127)                 LEA   R6 STACK
(304E) E877  1110100001110111 ( 129)                 LEA   R4 ARRAY
(304F) E694  1110011010010100 ( 130)                 LEA   R3 TOT_LTRS
(3050) 66C0  0110011011000000 ( 131)                 LDR   R3 R3 #0
(3051) 5020  0101000000100000 ( 132)                 AND   R0 R0 #0
(3052) 6300  0110001100000000 ( 135) PUSH_LOOP       LDR   R1 R4 #0
(3053) 1DBF  0001110110111111 ( 137)                 ADD   R6 R6 #-1
(3054) 7380  0111001110000000 ( 139)                 STR   R1 R6 #0
(3055) 1921  0001100100100001 ( 141)                 ADD   R4 R4 #1
(3056) 16FF  0001011011111111 ( 143)                 ADD   R3 R3 #-1
(3057) 03FA  0000001111111010 ( 145)                 BRP   PUSH_LOOP
(3058) E68B  1110011010001011 ( 147)                 LEA   R3 TOT_LTRS
(3059) 66C0  0110011011000000 ( 148)                 LDR   R3 R3 #0
(305A) 6380  0110001110000000 ( 152) SUM_LENGTHS     LDR   R1 R6 #0
(305B) 1001  0001000000000001 ( 154)                 ADD   R0 R0 R1
(305C) 1DA1  0001110110100001 ( 156)                 ADD   R6 R6 #1
(305D) 16FF  0001011011111111 ( 158)                 ADD   R3 R3 #-1
(305E) 03FB  0000001111111011 ( 159)                 BRP   SUM_LENGTHS
(305F) 1002  0001000000000010 ( 161)                 ADD   R0 R0 R2
(3060) F021  1111000000100001 ( 162)                 TRAP  x21
(3061) 14A1  0001010010100001 ( 183)                 ADD   R2 R2 #1
(3062) F025  1111000000100101 ( 187)                 TRAP  x25
(3063) EA7D  1110101001111101 ( 192) CHECK_UPPER     LEA   R5 OFFSET_65
(3064) 6B40  0110101101000000 ( 193)                 LDR   R5 R5 #0
(3065) 1A05  0001101000000101 ( 194)                 ADD   R5 R0 R5
(3066) 0809  0000100000001001 ( 195)                 BRN   CHECK_LOWER
(3067) EC7A  1110110001111010 ( 196)                 LEA   R6 OFFSET_UPPER
(3068) 6D80  0110110110000000 ( 197)                 LDR   R6 R6 #0
(3069) 1B46  0001101101000110 ( 198)                 ADD   R5 R5 R6
(306A) 0205  0000001000000101 ( 199)                 BRP   CHECK_LOWER
(306B) 1DA1  0001110110100001 ( 200)                 ADD   R6 R6 #1
(306C) EA76  1110101001110110 ( 201)                 LEA   R5 OFFSET_CNVRT
(306D) 6B40  0110101101000000 ( 202)                 LDR   R5 R5 #0
(306E) 1005  0001000000000101 ( 203)                 ADD   R0 R0 R5
(306F) C1C0  1100000111000000 ( 204)                 RET   
(3070) EA6F  1110101001101111 ( 208) CHECK_LOWER     LEA   R5 OFFSET_97
(3071) 6B40  0110101101000000 ( 209)                 LDR   R5 R5 #0
(3072) 1A05  0001101000000101 ( 210)                 ADD   R5 R0 R5
(3073) 09B0  0000100110110000 ( 211)                 BRN   GET_INPUT
(3074) EC6D  1110110001101101 ( 212)                 LEA   R6 OFFSET_UPPER
(3075) 6D80  0110110110000000 ( 213)                 LDR   R6 R6 #0
(3076) 1B46  0001101101000110 ( 214)                 ADD   R5 R5 R6
(3077) 03AC  0000001110101100 ( 215)                 BRP   GET_INPUT
(3078) 1FE1  0001111111100001 ( 216)                 ADD   R7 R7 #1
(3079) C1C0  1100000111000000 ( 217)                 RET   
(307A) 0053  0000000001010011 ( 221) PRMT            .FILL x0053
(307B) 0074  0000000001110100 ( 221)                 .FILL x0074
(307C) 0072  0000000001110010 ( 221)                 .FILL x0072
(307D) 0069  0000000001101001 ( 221)                 .FILL x0069
(307E) 006E  0000000001101110 ( 221)                 .FILL x006E
(307F) 0067  0000000001100111 ( 221)                 .FILL x0067
(3080) 0020  0000000000100000 ( 221)                 .FILL x0020
(3081) 0063  0000000001100011 ( 221)                 .FILL x0063
(3082) 0068  0000000001101000 ( 221)                 .FILL x0068
(3083) 0061  0000000001100001 ( 221)                 .FILL x0061
(3084) 0072  0000000001110010 ( 221)                 .FILL x0072
(3085) 0061  0000000001100001 ( 221)                 .FILL x0061
(3086) 0063  0000000001100011 ( 221)                 .FILL x0063
(3087) 0074  0000000001110100 ( 221)                 .FILL x0074
(3088) 0065  0000000001100101 ( 221)                 .FILL x0065
(3089) 0072  0000000001110010 ( 221)                 .FILL x0072
(308A) 0020  0000000000100000 ( 221)                 .FILL x0020
(308B) 0063  0000000001100011 ( 221)                 .FILL x0063
(308C) 006F  0000000001101111 ( 221)                 .FILL x006F
(308D) 0075  0000000001110101 ( 221)                 .FILL x0075
(308E) 006E  0000000001101110 ( 221)                 .FILL x006E
(308F) 0074  0000000001110100 ( 221)                 .FILL x0074
(3090) 0065  0000000001100101 ( 221)                 .FILL x0065
(3091) 0072  0000000001110010 ( 221)                 .FILL x0072
(3092) 0020  0000000000100000 ( 221)                 .FILL x0020
(3093) 0070  0000000001110000 ( 221)                 .FILL x0070
(3094) 0072  0000000001110010 ( 221)                 .FILL x0072
(3095) 006F  0000000001101111 ( 221)                 .FILL x006F
(3096) 0067  0000000001100111 ( 221)                 .FILL x0067
(3097) 0072  0000000001110010 ( 221)                 .FILL x0072
(3098) 0061  0000000001100001 ( 221)                 .FILL x0061
(3099) 006D  0000000001101101 ( 221)                 .FILL x006D
(309A) 000A  0000000000001010 ( 221)                 .FILL x000A
(309B) 0000  0000000000000000 ( 221)                 .FILL x0000
(309C) 000A  0000000000001010 ( 222) PROMPT          .FILL x000A
(309D) 0045  0000000001000101 ( 222)                 .FILL x0045
(309E) 006E  0000000001101110 ( 222)                 .FILL x006E
(309F) 0074  0000000001110100 ( 222)                 .FILL x0074
(30A0) 0065  0000000001100101 ( 222)                 .FILL x0065
(30A1) 0072  0000000001110010 ( 222)                 .FILL x0072
(30A2) 0020  0000000000100000 ( 222)                 .FILL x0020
(30A3) 0061  0000000001100001 ( 222)                 .FILL x0061
(30A4) 0020  0000000000100000 ( 222)                 .FILL x0020
(30A5) 0073  0000000001110011 ( 222)                 .FILL x0073
(30A6) 0074  0000000001110100 ( 222)                 .FILL x0074
(30A7) 0072  0000000001110010 ( 222)                 .FILL x0072
(30A8) 0069  0000000001101001 ( 222)                 .FILL x0069
(30A9) 006E  0000000001101110 ( 222)                 .FILL x006E
(30AA) 0067  0000000001100111 ( 222)                 .FILL x0067
(30AB) 003A  0000000000111010 ( 222)                 .FILL x003A
(30AC) 0020  0000000000100000 ( 222)                 .FILL x0020
(30AD) 0000  0000000000000000 ( 222)                 .FILL x0000
(30AE) 0020  0000000000100000 ( 223) S               .FILL x0020
(30AF) 0000  0000000000000000 ( 223)                 .FILL x0000
(30B0) 000A  0000000000001010 ( 224) LEN             .FILL x000A
(30B1) 000A  0000000000001010 ( 224)                 .FILL x000A
(30B2) 000A  0000000000001010 ( 224)                 .FILL x000A
(30B3) 004C  0000000001001100 ( 224)                 .FILL x004C
(30B4) 0065  0000000001100101 ( 224)                 .FILL x0065
(30B5) 006E  0000000001101110 ( 224)                 .FILL x006E
(30B6) 0067  0000000001100111 ( 224)                 .FILL x0067
(30B7) 0074  0000000001110100 ( 224)                 .FILL x0074
(30B8) 0068  0000000001101000 ( 224)                 .FILL x0068
(30B9) 0020  0000000000100000 ( 224)                 .FILL x0020
(30BA) 004F  0000000001001111 ( 224)                 .FILL x004F
(30BB) 0066  0000000001100110 ( 224)                 .FILL x0066
(30BC) 0020  0000000000100000 ( 224)                 .FILL x0020
(30BD) 0073  0000000001110011 ( 224)                 .FILL x0073
(30BE) 0074  0000000001110100 ( 224)                 .FILL x0074
(30BF) 0072  0000000001110010 ( 224)                 .FILL x0072
(30C0) 0069  0000000001101001 ( 224)                 .FILL x0069
(30C1) 006E  0000000001101110 ( 224)                 .FILL x006E
(30C2) 0067  0000000001100111 ( 224)                 .FILL x0067
(30C3) 003A  0000000000111010 ( 224)                 .FILL x003A
(30C4) 0020  0000000000100000 ( 224)                 .FILL x0020
(30C5) 0000  0000000000000000 ( 224)                 .FILL x0000
(30C6) 0000  0000000000000000 ( 228) ARRAY           .FILL x0000
(30C7) 0000  0000000000000000 ( 228)                 .FILL x0000
(30C8) 0000  0000000000000000 ( 228)                 .FILL x0000
(30C9) 0000  0000000000000000 ( 228)                 .FILL x0000
(30CA) 0000  0000000000000000 ( 228)                 .FILL x0000
(30CB) 0000  0000000000000000 ( 228)                 .FILL x0000
(30CC) 0000  0000000000000000 ( 228)                 .FILL x0000
(30CD) 0000  0000000000000000 ( 228)                 .FILL x0000
(30CE) 0000  0000000000000000 ( 228)                 .FILL x0000
(30CF) 0000  0000000000000000 ( 228)                 .FILL x0000
(30D0) 0000  0000000000000000 ( 228)                 .FILL x0000
(30D1) 0000  0000000000000000 ( 228)                 .FILL x0000
(30D2) 0000  0000000000000000 ( 228)                 .FILL x0000
(30D3) 0000  0000000000000000 ( 228)                 .FILL x0000
(30D4) 0000  0000000000000000 ( 228)                 .FILL x0000
(30D5) 0000  0000000000000000 ( 228)                 .FILL x0000
(30D6) 0000  0000000000000000 ( 228)                 .FILL x0000
(30D7) 0000  0000000000000000 ( 228)                 .FILL x0000
(30D8) 0000  0000000000000000 ( 228)                 .FILL x0000
(30D9) 0000  0000000000000000 ( 228)                 .FILL x0000
(30DA) 0000  0000000000000000 ( 228)                 .FILL x0000
(30DB) 0000  0000000000000000 ( 228)                 .FILL x0000
(30DC) 0000  0000000000000000 ( 228)                 .FILL x0000
(30DD) 0000  0000000000000000 ( 228)                 .FILL x0000
(30DE) 0000  0000000000000000 ( 228)                 .FILL x0000
(30DF) 0000  0000000000000000 ( 228)                 .FILL x0000
(30E0) FF9F  1111111110011111 ( 228) OFFSET_97       .FILL xFF9F
(30E1) FFBF  1111111110111111 ( 229) OFFSET_65       .FILL xFFBF
(30E2) FFE6  1111111111100110 ( 230) OFFSET_UPPER    .FILL xFFE6
(30E3) 0020  0000000000100000 ( 231) OFFSET_CNVRT    .FILL x0020
(30E4) 001A  0000000000011010 ( 232) TOT_LTRS        .FILL x001A
(30E5) 0061  0000000001100001 ( 234) OFFSET_LOWER    .FILL x0061
(30E6) 0030  0000000000110000 ( 235) OFFSET_NUM      .FILL x0030
(30E7) 003D  0000000000111101 ( 237) EQ              .FILL x003D
(30E8) 0009  0000000000001001 ( 238) TAB             .FILL x0009
