(0000) 3000  0011000000000000 (   1)                 .ORIG x3000
(3000) 0000  0000000000000000 (   6) STACK           .FILL x0000
(3001) 0000  0000000000000000 (   6)                 .FILL x0000
(3002) 0000  0000000000000000 (   6)                 .FILL x0000
(3003) 0000  0000000000000000 (   6)                 .FILL x0000
(3004) 0000  0000000000000000 (   6)                 .FILL x0000
(3005) 0000  0000000000000000 (   6)                 .FILL x0000
(3006) 0000  0000000000000000 (   6)                 .FILL x0000
(3007) 0000  0000000000000000 (   6)                 .FILL x0000
(3008) 0000  0000000000000000 (   6)                 .FILL x0000
(3009) 0000  0000000000000000 (   6)                 .FILL x0000
(300A) 0000  0000000000000000 (   6)                 .FILL x0000
(300B) 0000  0000000000000000 (   6)                 .FILL x0000
(300C) 0000  0000000000000000 (   6)                 .FILL x0000
(300D) 0000  0000000000000000 (   6)                 .FILL x0000
(300E) 0000  0000000000000000 (   6)                 .FILL x0000
(300F) 0000  0000000000000000 (   6)                 .FILL x0000
(3010) 0000  0000000000000000 (   6)                 .FILL x0000
(3011) 0000  0000000000000000 (   6)                 .FILL x0000
(3012) 0000  0000000000000000 (   6)                 .FILL x0000
(3013) 0000  0000000000000000 (   6)                 .FILL x0000
(3014) 0000  0000000000000000 (   6)                 .FILL x0000
(3015) 0000  0000000000000000 (   6)                 .FILL x0000
(3016) 0000  0000000000000000 (   6)                 .FILL x0000
(3017) 0000  0000000000000000 (   6)                 .FILL x0000
(3018) 0000  0000000000000000 (   6)                 .FILL x0000
(3019) 0000  0000000000000000 (   6)                 .FILL x0000
(301A) E05E  1110000001011110 (   6)                 LEA   R0 PRMT
(301B) F022  1111000000100010 (   7)                 TRAP  x22
(301C) E07E  1110000001111110 (   8)                 LEA   R0 PROMPT
(301D) F022  1111000000100010 (   9)                 TRAP  x22
(301E) E4BE  1110010010111110 (  11)                 LEA   R2 OFFSET_97
(301F) 6480  0110010010000000 (  12)                 LDR   R2 R2 #0
(3020) E8A2  1110100010100010 (  13)                 LEA   R4 ARRAY
(3021) 56E0  0101011011100000 (  14)                 AND   R3 R3 #0
(3022) 5FE0  0101111111100000 (  15)                 AND   R7 R7 #0
(3023) 5DA0  0101110110100000 (  16)                 AND   R6 R6 #0
(3024) F020  1111000000100000 (  19) GET_INPUT       TRAP  x20
(3025) F021  1111000000100001 (  20)                 TRAP  x21
(3026) 1A36  0001101000110110 (  21)                 ADD   R5 R0 #-10
(3027) 040B  0000010000001011 (  22)                 BRZ   RES_OUT
(3028) 4839  0100100000111001 (  25)                 JSR   CHECK_UPPER
(3029) 0E00  0000111000000000 (  26)                 BRNZP PROCESS_CHAR
(302A) 1002  0001000000000010 (  29) PROCESS_CHAR    ADD   R0 R0 R2
(302B) 09F8  0000100111111000 (  30)                 BRN   GET_INPUT
(302C) 0600  0000011000000000 (  31)                 BRZP  LOOP4IN
(302D) 1900  0001100100000000 (  34) LOOP4IN         ADD   R4 R4 R0
(302E) 6300  0110001100000000 (  35)                 LDR   R1 R4 #0
(302F) 1261  0001001001100001 (  36)                 ADD   R1 R1 #1
(3030) 7300  0111001100000000 (  37)                 STR   R1 R4 #0
(3031) E891  1110100010010001 (  38)                 LEA   R4 ARRAY
(3032) 0FF1  0000111111110001 (  39)                 BRNZP GET_INPUT
(3033) E6AD  1110011010101101 (  43) RES_OUT         LEA   R3 TOT_LTRS
(3034) 66C0  0110011011000000 (  44)                 LDR   R3 R3 #0
(3035) 5020  0101000000100000 (  45)                 AND   R0 R0 #0
(3036) ECAB  1110110010101011 (  46)                 LEA   R6 OFFSET_LOWER
(3037) 6D80  0110110110000000 (  47)                 LDR   R6 R6 #0
(3038) 11A0  0001000110100000 (  48)                 ADD   R0 R6 #0
(3039) E889  1110100010001001 (  50)                 LEA   R4 ARRAY
(303A) E4A8  1110010010101000 (  51)                 LEA   R2 OFFSET_NUM
(303B) 6480  0110010010000000 (  52)                 LDR   R2 R2 #0
(303C) F021  1111000000100001 (  55) LOOP4OUT        TRAP  x21
(303D) 22A6  0010001010100110 (  57)                 LD    R1 EQ
(303E) 1060  0001000001100000 (  58)                 ADD   R0 R1 #0
(303F) F021  1111000000100001 (  59)                 TRAP  x21
(3040) 6100  0110000100000000 (  61)                 LDR   R0 R4 #0
(3041) 1921  0001100100100001 (  62)                 ADD   R4 R4 #1
(3042) 1002  0001000000000010 (  63)                 ADD   R0 R0 R2
(3043) F021  1111000000100001 (  64)                 TRAP  x21
(3044) 22A0  0010001010100000 (  66)                 LD    R1 TAB
(3045) 1060  0001000001100000 (  67)                 ADD   R0 R1 #0
(3046) F021  1111000000100001 (  68)                 TRAP  x21
(3047) 1DA1  0001110110100001 (  70)                 ADD   R6 R6 #1
(3048) 11A0  0001000110100000 (  71)                 ADD   R0 R6 #0
(3049) 16FF  0001011011111111 (  72)                 ADD   R3 R3 #-1
(304A) 03F1  0000001111110001 (  73)                 BRP   LOOP4OUT
(304B) E063  1110000001100011 (  75)                 LEA   R0 LEN
(304C) F022  1111000000100010 (  76)                 TRAP  x22
(304D) EDB2  1110110110110010 (  79)                 LEA   R6 STACK
(304E) E874  1110100001110100 (  81)                 LEA   R4 ARRAY
(304F) E691  1110011010010001 (  82)                 LEA   R3 TOT_LTRS
(3050) 66C0  0110011011000000 (  83)                 LDR   R3 R3 #0
(3051) 5020  0101000000100000 (  84)                 AND   R0 R0 #0
(3052) 6300  0110001100000000 (  87) PUSH_LOOP       LDR   R1 R4 #0
(3053) 1DBF  0001110110111111 (  89)                 ADD   R6 R6 #-1
(3054) 7380  0111001110000000 (  91)                 STR   R1 R6 #0
(3055) 1921  0001100100100001 (  93)                 ADD   R4 R4 #1
(3056) 16FF  0001011011111111 (  95)                 ADD   R3 R3 #-1
(3057) 03FA  0000001111111010 (  97)                 BRP   PUSH_LOOP
(3058) E688  1110011010001000 (  99)                 LEA   R3 TOT_LTRS
(3059) 66C0  0110011011000000 ( 100)                 LDR   R3 R3 #0
(305A) 6380  0110001110000000 ( 104) SUM_LENGTHS     LDR   R1 R6 #0
(305B) 1001  0001000000000001 ( 106)                 ADD   R0 R0 R1
(305C) 1DA1  0001110110100001 ( 108)                 ADD   R6 R6 #1
(305D) 16FF  0001011011111111 ( 110)                 ADD   R3 R3 #-1
(305E) 03FB  0000001111111011 ( 111)                 BRP   SUM_LENGTHS
(305F) 1002  0001000000000010 ( 113)                 ADD   R0 R0 R2
(3060) F021  1111000000100001 ( 114)                 TRAP  x21
(3061) F025  1111000000100101 ( 116)                 TRAP  x25
(3062) EA7B  1110101001111011 ( 119) CHECK_UPPER     LEA   R5 OFFSET_65
(3063) 6B40  0110101101000000 ( 120)                 LDR   R5 R5 #0
(3064) 1A05  0001101000000101 ( 121)                 ADD   R5 R0 R5
(3065) 0809  0000100000001001 ( 122)                 BRN   CHECK_LOWER
(3066) EC78  1110110001111000 ( 123)                 LEA   R6 OFFSET_UPPER
(3067) 6D80  0110110110000000 ( 124)                 LDR   R6 R6 #0
(3068) 1B46  0001101101000110 ( 125)                 ADD   R5 R5 R6
(3069) 0205  0000001000000101 ( 126)                 BRP   CHECK_LOWER
(306A) 1DA1  0001110110100001 ( 127)                 ADD   R6 R6 #1
(306B) EA74  1110101001110100 ( 128)                 LEA   R5 OFFSET_CNVRT
(306C) 6B40  0110101101000000 ( 129)                 LDR   R5 R5 #0
(306D) 1005  0001000000000101 ( 130)                 ADD   R0 R0 R5
(306E) C1C0  1100000111000000 ( 131)                 RET   
(306F) EA6D  1110101001101101 ( 134) CHECK_LOWER     LEA   R5 OFFSET_97
(3070) 6B40  0110101101000000 ( 135)                 LDR   R5 R5 #0
(3071) 1A05  0001101000000101 ( 136)                 ADD   R5 R0 R5
(3072) 09B1  0000100110110001 ( 137)                 BRN   GET_INPUT
(3073) EC6B  1110110001101011 ( 138)                 LEA   R6 OFFSET_UPPER
(3074) 6D80  0110110110000000 ( 139)                 LDR   R6 R6 #0
(3075) 1B46  0001101101000110 ( 140)                 ADD   R5 R5 R6
(3076) 03AD  0000001110101101 ( 141)                 BRP   GET_INPUT
(3077) 1FE1  0001111111100001 ( 142)                 ADD   R7 R7 #1
(3078) C1C0  1100000111000000 ( 143)                 RET   
(3079) 0053  0000000001010011 ( 147) PRMT            .FILL x0053
(307A) 0074  0000000001110100 ( 147)                 .FILL x0074
(307B) 0072  0000000001110010 ( 147)                 .FILL x0072
(307C) 0069  0000000001101001 ( 147)                 .FILL x0069
(307D) 006E  0000000001101110 ( 147)                 .FILL x006E
(307E) 0067  0000000001100111 ( 147)                 .FILL x0067
(307F) 0020  0000000000100000 ( 147)                 .FILL x0020
(3080) 0063  0000000001100011 ( 147)                 .FILL x0063
(3081) 0068  0000000001101000 ( 147)                 .FILL x0068
(3082) 0061  0000000001100001 ( 147)                 .FILL x0061
(3083) 0072  0000000001110010 ( 147)                 .FILL x0072
(3084) 0061  0000000001100001 ( 147)                 .FILL x0061
(3085) 0063  0000000001100011 ( 147)                 .FILL x0063
(3086) 0074  0000000001110100 ( 147)                 .FILL x0074
(3087) 0065  0000000001100101 ( 147)                 .FILL x0065
(3088) 0072  0000000001110010 ( 147)                 .FILL x0072
(3089) 0020  0000000000100000 ( 147)                 .FILL x0020
(308A) 0063  0000000001100011 ( 147)                 .FILL x0063
(308B) 006F  0000000001101111 ( 147)                 .FILL x006F
(308C) 0075  0000000001110101 ( 147)                 .FILL x0075
(308D) 006E  0000000001101110 ( 147)                 .FILL x006E
(308E) 0074  0000000001110100 ( 147)                 .FILL x0074
(308F) 0065  0000000001100101 ( 147)                 .FILL x0065
(3090) 0072  0000000001110010 ( 147)                 .FILL x0072
(3091) 0020  0000000000100000 ( 147)                 .FILL x0020
(3092) 0070  0000000001110000 ( 147)                 .FILL x0070
(3093) 0072  0000000001110010 ( 147)                 .FILL x0072
(3094) 006F  0000000001101111 ( 147)                 .FILL x006F
(3095) 0067  0000000001100111 ( 147)                 .FILL x0067
(3096) 0072  0000000001110010 ( 147)                 .FILL x0072
(3097) 0061  0000000001100001 ( 147)                 .FILL x0061
(3098) 006D  0000000001101101 ( 147)                 .FILL x006D
(3099) 000A  0000000000001010 ( 147)                 .FILL x000A
(309A) 0000  0000000000000000 ( 147)                 .FILL x0000
(309B) 000A  0000000000001010 ( 148) PROMPT          .FILL x000A
(309C) 0045  0000000001000101 ( 148)                 .FILL x0045
(309D) 006E  0000000001101110 ( 148)                 .FILL x006E
(309E) 0074  0000000001110100 ( 148)                 .FILL x0074
(309F) 0065  0000000001100101 ( 148)                 .FILL x0065
(30A0) 0072  0000000001110010 ( 148)                 .FILL x0072
(30A1) 0020  0000000000100000 ( 148)                 .FILL x0020
(30A2) 0061  0000000001100001 ( 148)                 .FILL x0061
(30A3) 0020  0000000000100000 ( 148)                 .FILL x0020
(30A4) 0073  0000000001110011 ( 148)                 .FILL x0073
(30A5) 0074  0000000001110100 ( 148)                 .FILL x0074
(30A6) 0072  0000000001110010 ( 148)                 .FILL x0072
(30A7) 0069  0000000001101001 ( 148)                 .FILL x0069
(30A8) 006E  0000000001101110 ( 148)                 .FILL x006E
(30A9) 0067  0000000001100111 ( 148)                 .FILL x0067
(30AA) 003A  0000000000111010 ( 148)                 .FILL x003A
(30AB) 0020  0000000000100000 ( 148)                 .FILL x0020
(30AC) 0000  0000000000000000 ( 148)                 .FILL x0000
(30AD) 0020  0000000000100000 ( 149) S               .FILL x0020
(30AE) 0000  0000000000000000 ( 149)                 .FILL x0000
(30AF) 000A  0000000000001010 ( 150) LEN             .FILL x000A
(30B0) 004C  0000000001001100 ( 150)                 .FILL x004C
(30B1) 0065  0000000001100101 ( 150)                 .FILL x0065
(30B2) 006E  0000000001101110 ( 150)                 .FILL x006E
(30B3) 0067  0000000001100111 ( 150)                 .FILL x0067
(30B4) 0074  0000000001110100 ( 150)                 .FILL x0074
(30B5) 0068  0000000001101000 ( 150)                 .FILL x0068
(30B6) 0020  0000000000100000 ( 150)                 .FILL x0020
(30B7) 004F  0000000001001111 ( 150)                 .FILL x004F
(30B8) 0066  0000000001100110 ( 150)                 .FILL x0066
(30B9) 0020  0000000000100000 ( 150)                 .FILL x0020
(30BA) 0073  0000000001110011 ( 150)                 .FILL x0073
(30BB) 0074  0000000001110100 ( 150)                 .FILL x0074
(30BC) 0072  0000000001110010 ( 150)                 .FILL x0072
(30BD) 0069  0000000001101001 ( 150)                 .FILL x0069
(30BE) 006E  0000000001101110 ( 150)                 .FILL x006E
(30BF) 0067  0000000001100111 ( 150)                 .FILL x0067
(30C0) 003A  0000000000111010 ( 150)                 .FILL x003A
(30C1) 0020  0000000000100000 ( 150)                 .FILL x0020
(30C2) 0000  0000000000000000 ( 150)                 .FILL x0000
(30C3) 0000  0000000000000000 ( 154) ARRAY           .FILL x0000
(30C4) 0000  0000000000000000 ( 154)                 .FILL x0000
(30C5) 0000  0000000000000000 ( 154)                 .FILL x0000
(30C6) 0000  0000000000000000 ( 154)                 .FILL x0000
(30C7) 0000  0000000000000000 ( 154)                 .FILL x0000
(30C8) 0000  0000000000000000 ( 154)                 .FILL x0000
(30C9) 0000  0000000000000000 ( 154)                 .FILL x0000
(30CA) 0000  0000000000000000 ( 154)                 .FILL x0000
(30CB) 0000  0000000000000000 ( 154)                 .FILL x0000
(30CC) 0000  0000000000000000 ( 154)                 .FILL x0000
(30CD) 0000  0000000000000000 ( 154)                 .FILL x0000
(30CE) 0000  0000000000000000 ( 154)                 .FILL x0000
(30CF) 0000  0000000000000000 ( 154)                 .FILL x0000
(30D0) 0000  0000000000000000 ( 154)                 .FILL x0000
(30D1) 0000  0000000000000000 ( 154)                 .FILL x0000
(30D2) 0000  0000000000000000 ( 154)                 .FILL x0000
(30D3) 0000  0000000000000000 ( 154)                 .FILL x0000
(30D4) 0000  0000000000000000 ( 154)                 .FILL x0000
(30D5) 0000  0000000000000000 ( 154)                 .FILL x0000
(30D6) 0000  0000000000000000 ( 154)                 .FILL x0000
(30D7) 0000  0000000000000000 ( 154)                 .FILL x0000
(30D8) 0000  0000000000000000 ( 154)                 .FILL x0000
(30D9) 0000  0000000000000000 ( 154)                 .FILL x0000
(30DA) 0000  0000000000000000 ( 154)                 .FILL x0000
(30DB) 0000  0000000000000000 ( 154)                 .FILL x0000
(30DC) 0000  0000000000000000 ( 154)                 .FILL x0000
(30DD) FF9F  1111111110011111 ( 154) OFFSET_97       .FILL xFF9F
(30DE) FFBF  1111111110111111 ( 155) OFFSET_65       .FILL xFFBF
(30DF) FFE6  1111111111100110 ( 156) OFFSET_UPPER    .FILL xFFE6
(30E0) 0020  0000000000100000 ( 157) OFFSET_CNVRT    .FILL x0020
(30E1) 001A  0000000000011010 ( 158) TOT_LTRS        .FILL x001A
(30E2) 0061  0000000001100001 ( 160) OFFSET_LOWER    .FILL x0061
(30E3) 0030  0000000000110000 ( 161) OFFSET_NUM      .FILL x0030
(30E4) 003D  0000000000111101 ( 163) EQ              .FILL x003D
(30E5) 0009  0000000000001001 ( 164) TAB             .FILL x0009
